[0mCompiling "resources/public/js/main.js" from ["src"]...
Compiling src/om_min_todo/core.cljs
Compiling target/figwheel_temp/dev/figwheel/connect.cljs
Reading analysis cache for file:/home/not-much-io/Projects/om-min-todo/src/om_min_todo/core.cljs
notifying browser that file changed:  resources/public/js/goog/deps.js
notifying browser that file changed:  resources/public/js/cljs_deps.js
notifying browser that file changed:  out/om_min_todo/core.js
[32mSuccessfully compiled "resources/public/js/main.js" in 0.389 seconds.[0m
[0mCompiling "resources/public/js/main.js" from ["src"]...
Compiling src/om_min_todo/core.cljs
Compiling target/figwheel_temp/dev/figwheel/connect.cljs
Reading analysis cache for file:/home/not-much-io/Projects/om-min-todo/src/om_min_todo/core.cljs
notifying browser that file changed:  out/om_min_todo/core.js
[32mSuccessfully compiled "resources/public/js/main.js" in 0.114 seconds.[0m
[0mCompiling "resources/public/js/main.js" from ["src"]...
Compiling src/om_min_todo/core.cljs
Compiling target/figwheel_temp/dev/figwheel/connect.cljs
Reading analysis cache for file:/home/not-much-io/Projects/om-min-todo/src/om_min_todo/core.cljs
notifying browser that file changed:  out/om_min_todo/core.js
[32mSuccessfully compiled "resources/public/js/main.js" in 0.112 seconds.[0m
[0mCompiling "resources/public/js/main.js" from ["src"]...
Compiling src/om_min_todo/core.cljs
Compiling target/figwheel_temp/dev/figwheel/connect.cljs
notifying browser that file changed:  out/om_min_todo/core.js
[32mSuccessfully compiled "resources/public/js/main.js" in 0.127 seconds.[0m
[0mCompiling "resources/public/js/main.js" from ["src"]...
Compiling src/om_min_todo/core.cljs
Compiling target/figwheel_temp/dev/figwheel/connect.cljs
notifying browser that file changed:  out/om_min_todo/core.js
[32mSuccessfully compiled "resources/public/js/main.js" in 0.122 seconds.[0m
[0mCompiling "resources/public/js/main.js" from ["src"]...
Compiling src/om_min_todo/core.cljs
Compiling target/figwheel_temp/dev/figwheel/connect.cljs
notifying browser that file changed:  out/om_min_todo/core.js
[32mSuccessfully compiled "resources/public/js/main.js" in 0.121 seconds.[0m
[0mCompiling "resources/public/js/main.js" from ["src"]...
Compiling src/om_min_todo/core.cljs
Compiling target/figwheel_temp/dev/figwheel/connect.cljs
notifying browser that file changed:  out/om_min_todo/core.js
[32mSuccessfully compiled "resources/public/js/main.js" in 0.122 seconds.[0m
[0mCompiling "resources/public/js/main.js" from ["src"]...
Compiling src/om_min_todo/core.cljs
Compiling target/figwheel_temp/dev/figwheel/connect.cljs
notifying browser that file changed:  out/om_min_todo/core.js
[32mSuccessfully compiled "resources/public/js/main.js" in 0.138 seconds.[0m
[0mCompiling "resources/public/js/main.js" from ["src"]...
Compiling src/om_min_todo/core.cljs
Compiling target/figwheel_temp/dev/figwheel/connect.cljs
notifying browser that file changed:  out/om_min_todo/core.js
[32mSuccessfully compiled "resources/public/js/main.js" in 0.123 seconds.[0m
[0mCompiling "resources/public/js/main.js" from ["src"]...
Compiling src/om_min_todo/core.cljs
Compiling target/figwheel_temp/dev/figwheel/connect.cljs
notifying browser that file changed:  out/om_min_todo/core.js
[32mSuccessfully compiled "resources/public/js/main.js" in 0.141 seconds.[0m
[0mCompiling "resources/public/js/main.js" from ["src"]...
Compiling src/om_min_todo/core.cljs
Compiling target/figwheel_temp/dev/figwheel/connect.cljs
notifying browser that file changed:  out/om_min_todo/core.js
[32mSuccessfully compiled "resources/public/js/main.js" in 0.143 seconds.[0m
[0mCompiling "resources/public/js/main.js" from ["src"]...
Compiling src/om_min_todo/core.cljs
Compiling target/figwheel_temp/dev/figwheel/connect.cljs
notifying browser that file changed:  out/om_min_todo/core.js
[32mSuccessfully compiled "resources/public/js/main.js" in 0.15 seconds.[0m
[0mCompiling "resources/public/js/main.js" from ["src"]...
Compiling src/om_min_todo/core.cljs
Compiling target/figwheel_temp/dev/figwheel/connect.cljs
notifying browser that file changed:  out/om_min_todo/core.js
[32mSuccessfully compiled "resources/public/js/main.js" in 0.141 seconds.[0m
[0mCompiling "resources/public/js/main.js" from ["src"]...
Compiling src/om_min_todo/core.cljs
Compiling target/figwheel_temp/dev/figwheel/connect.cljs
notifying browser that file changed:  out/om_min_todo/core.js
[32mSuccessfully compiled "resources/public/js/main.js" in 0.165 seconds.[0m
[0mCompiling "resources/public/js/main.js" from ["src"]...
Compiling src/om_min_todo/core.cljs
Compiling target/figwheel_temp/dev/figwheel/connect.cljs
notifying browser that file changed:  out/om_min_todo/core.js
[32mSuccessfully compiled "resources/public/js/main.js" in 0.17 seconds.[0m
[0mCompiling "resources/public/js/main.js" from ["src"]...
Compiling src/om_min_todo/core.cljs
WARNING: Use of undeclared Var om-min-todo.core/heading at line 13 src/om_min_todo/core.cljs
Compiling target/figwheel_temp/dev/figwheel/connect.cljs
notifying browser that file changed:  out/om_min_todo/core.js
[32mSuccessfully compiled "resources/public/js/main.js" in 0.155 seconds.[0m
[0mCompiling "resources/public/js/main.js" from ["src"]...
Compiling src/om_min_todo/core.cljs
WARNING: Use of undeclared Var om-min-todo.core/heading at line 15 src/om_min_todo/core.cljs
Compiling target/figwheel_temp/dev/figwheel/connect.cljs
notifying browser that file changed:  out/om_min_todo/core.js
[32mSuccessfully compiled "resources/public/js/main.js" in 0.135 seconds.[0m
[0mCompiling "resources/public/js/main.js" from ["src"]...
Compiling src/om_min_todo/core.cljs
[31mCompiling "resources/public/js/main.js" failed.
[0mANALYSIS ERROR: Wrong number of args (2) passed to: dom/div at line 11 src/om_min_todo/core.cljs on file src/om_min_todo/core.cljs, line 11, column 5
[32mSuccessfully compiled "resources/public/js/main.js" in 0.099 seconds.[0m
[0mCompiling "resources/public/js/main.js" from ["src"]...
Compiling src/om_min_todo/core.cljs
WARNING: Use of undeclared Var om-min-todo.core/heading at line 15 src/om_min_todo/core.cljs
Compiling target/figwheel_temp/dev/figwheel/connect.cljs
notifying browser that file changed:  out/om_min_todo/core.js
[32mSuccessfully compiled "resources/public/js/main.js" in 0.137 seconds.[0m
[0mCompiling "resources/public/js/main.js" from ["src"]...
Compiling src/om_min_todo/core.cljs
WARNING: Use of undeclared Var om-min-todo.core/heading at line 15 src/om_min_todo/core.cljs
Compiling target/figwheel_temp/dev/figwheel/connect.cljs
notifying browser that file changed:  out/om_min_todo/core.js
[32mSuccessfully compiled "resources/public/js/main.js" in 0.136 seconds.[0m
[0mCompiling "resources/public/js/main.js" from ["src"]...
Compiling src/om_min_todo/core.cljs
Compiling target/figwheel_temp/dev/figwheel/connect.cljs
notifying browser that file changed:  out/om_min_todo/core.js
[32mSuccessfully compiled "resources/public/js/main.js" in 0.129 seconds.[0m
[0mCompiling "resources/public/js/main.js" from ["src"]...
Compiling src/om_min_todo/core.cljs
Compiling target/figwheel_temp/dev/figwheel/connect.cljs
notifying browser that file changed:  out/om_min_todo/core.js
[32mSuccessfully compiled "resources/public/js/main.js" in 0.121 seconds.[0m
[0mCompiling "resources/public/js/main.js" from ["src"]...
Compiling src/om_min_todo/core.cljs
Compiling target/figwheel_temp/dev/figwheel/connect.cljs
notifying browser that file changed:  out/om_min_todo/core.js
[32mSuccessfully compiled "resources/public/js/main.js" in 0.12 seconds.[0m
[0mCompiling "resources/public/js/main.js" from ["src"]...
Compiling src/om_min_todo/core.cljs
Compiling target/figwheel_temp/dev/figwheel/connect.cljs
notifying browser that file changed:  out/om_min_todo/core.js
[32mSuccessfully compiled "resources/public/js/main.js" in 0.121 seconds.[0m
[0mCompiling "resources/public/js/main.js" from ["src"]...
Compiling src/om_min_todo/core.cljs
Compiling target/figwheel_temp/dev/figwheel/connect.cljs
notifying browser that file changed:  out/om_min_todo/core.js
[32mSuccessfully compiled "resources/public/js/main.js" in 0.135 seconds.[0m
[0mCompiling "resources/public/js/main.js" from ["src"]...
Compiling src/om_min_todo/core.cljs
Compiling target/figwheel_temp/dev/figwheel/connect.cljs
notifying browser that file changed:  out/om_min_todo/core.js
[32mSuccessfully compiled "resources/public/js/main.js" in 0.123 seconds.[0m
[0mCompiling "resources/public/js/main.js" from ["src"]...
Compiling src/om_min_todo/core.cljs
Compiling target/figwheel_temp/dev/figwheel/connect.cljs
notifying browser that file changed:  out/om_min_todo/core.js
[32mSuccessfully compiled "resources/public/js/main.js" in 0.148 seconds.[0m
[0mCompiling "resources/public/js/main.js" from ["src"]...
Compiling src/om_min_todo/core.cljs
Compiling target/figwheel_temp/dev/figwheel/connect.cljs
notifying browser that file changed:  out/om_min_todo/core.js
[32mSuccessfully compiled "resources/public/js/main.js" in 0.123 seconds.[0m
[0mCompiling "resources/public/js/main.js" from ["src"]...
Compiling src/om_min_todo/core.cljs
Compiling target/figwheel_temp/dev/figwheel/connect.cljs
notifying browser that file changed:  out/om_min_todo/core.js
[32mSuccessfully compiled "resources/public/js/main.js" in 0.126 seconds.[0m
[0mCompiling "resources/public/js/main.js" from ["src"]...
Compiling src/om_min_todo/core.cljs
Compiling target/figwheel_temp/dev/figwheel/connect.cljs
notifying browser that file changed:  out/om_min_todo/core.js
[32mSuccessfully compiled "resources/public/js/main.js" in 0.129 seconds.[0m
[0mCompiling "resources/public/js/main.js" from ["src"]...
Compiling src/om_min_todo/core.cljs
Compiling target/figwheel_temp/dev/figwheel/connect.cljs
notifying browser that file changed:  out/om_min_todo/core.js
[32mSuccessfully compiled "resources/public/js/main.js" in 0.12 seconds.[0m
[0mCompiling "resources/public/js/main.js" from ["src"]...
Compiling src/om_min_todo/core.cljs
Compiling target/figwheel_temp/dev/figwheel/connect.cljs
notifying browser that file changed:  out/om_min_todo/core.js
[32mSuccessfully compiled "resources/public/js/main.js" in 0.124 seconds.[0m
[0mCompiling "resources/public/js/main.js" from ["src"]...
Compiling src/om_min_todo/core.cljs
Compiling target/figwheel_temp/dev/figwheel/connect.cljs
notifying browser that file changed:  out/om_min_todo/core.js
[32mSuccessfully compiled "resources/public/js/main.js" in 0.123 seconds.[0m
[0mCompiling "resources/public/js/main.js" from ["src"]...
Compiling src/om_min_todo/core.cljs
Compiling target/figwheel_temp/dev/figwheel/connect.cljs
notifying browser that file changed:  out/om_min_todo/core.js
[32mSuccessfully compiled "resources/public/js/main.js" in 0.141 seconds.[0m
[0mCompiling "resources/public/js/main.js" from ["src"]...
Compiling src/om_min_todo/core.cljs
Compiling target/figwheel_temp/dev/figwheel/connect.cljs
notifying browser that file changed:  out/om_min_todo/core.js
[32mSuccessfully compiled "resources/public/js/main.js" in 0.12 seconds.[0m
[0mCompiling "resources/public/js/main.js" from ["src"]...
Compiling src/om_min_todo/core.cljs
Compiling target/figwheel_temp/dev/figwheel/connect.cljs
notifying browser that file changed:  out/om_min_todo/core.js
[32mSuccessfully compiled "resources/public/js/main.js" in 0.122 seconds.[0m
[0mCompiling "resources/public/js/main.js" from ["src"]...
Compiling src/om_min_todo/core.cljs
Compiling target/figwheel_temp/dev/figwheel/connect.cljs
notifying browser that file changed:  out/om_min_todo/core.js
[32mSuccessfully compiled "resources/public/js/main.js" in 0.119 seconds.[0m
[0mCompiling "resources/public/js/main.js" from ["src"]...
Compiling src/om_min_todo/core.cljs
Compiling target/figwheel_temp/dev/figwheel/connect.cljs
notifying browser that file changed:  out/om_min_todo/core.js
[32mSuccessfully compiled "resources/public/js/main.js" in 0.12 seconds.[0m
[0mCompiling "resources/public/js/main.js" from ["src"]...
Compiling src/om_min_todo/core.cljs
Compiling target/figwheel_temp/dev/figwheel/connect.cljs
notifying browser that file changed:  out/om_min_todo/core.js
[32mSuccessfully compiled "resources/public/js/main.js" in 0.121 seconds.[0m
[0mCompiling "resources/public/js/main.js" from ["src"]...
Compiling src/om_min_todo/core.cljs
Compiling target/figwheel_temp/dev/figwheel/connect.cljs
notifying browser that file changed:  out/om_min_todo/core.js
[32mSuccessfully compiled "resources/public/js/main.js" in 0.123 seconds.[0m
[0mCompiling "resources/public/js/main.js" from ["src"]...
Compiling src/om_min_todo/core.cljs
Compiling target/figwheel_temp/dev/figwheel/connect.cljs
notifying browser that file changed:  out/om_min_todo/core.js
[32mSuccessfully compiled "resources/public/js/main.js" in 0.122 seconds.[0m
[0mCompiling "resources/public/js/main.js" from ["src"]...
Compiling src/om_min_todo/core.cljs
Compiling target/figwheel_temp/dev/figwheel/connect.cljs
notifying browser that file changed:  out/om_min_todo/core.js
[32mSuccessfully compiled "resources/public/js/main.js" in 0.143 seconds.[0m
[0mCompiling "resources/public/js/main.js" from ["src"]...
notifying browser that file changed:  out/om_min_todo/core.js
[32mSuccessfully compiled "resources/public/js/main.js" in 0.098 seconds.[0m
[0mCompiling "resources/public/js/main.js" from ["src"]...
Compiling src/om_min_todo/core.cljs
Compiling target/figwheel_temp/dev/figwheel/connect.cljs
notifying browser that file changed:  out/om_min_todo/core.js
[32mSuccessfully compiled "resources/public/js/main.js" in 0.121 seconds.[0m
[0mCompiling "resources/public/js/main.js" from ["src"]...
Compiling src/om_min_todo/core.cljs
Compiling target/figwheel_temp/dev/figwheel/connect.cljs
notifying browser that file changed:  out/om_min_todo/core.js
[32mSuccessfully compiled "resources/public/js/main.js" in 0.122 seconds.[0m
[0mCompiling "resources/public/js/main.js" from ["src"]...
Compiling src/om_min_todo/core.cljs
Compiling target/figwheel_temp/dev/figwheel/connect.cljs
notifying browser that file changed:  out/om_min_todo/core.js
[32mSuccessfully compiled "resources/public/js/main.js" in 0.12 seconds.[0m
[0mCompiling "resources/public/js/main.js" from ["src"]...
Compiling src/om_min_todo/core.cljs
Compiling target/figwheel_temp/dev/figwheel/connect.cljs
notifying browser that file changed:  out/om_min_todo/core.js
[32mSuccessfully compiled "resources/public/js/main.js" in 0.121 seconds.[0m
[0mCompiling "resources/public/js/main.js" from ["src"]...
Compiling src/om_min_todo/core.cljs
Compiling target/figwheel_temp/dev/figwheel/connect.cljs
notifying browser that file changed:  out/om_min_todo/core.js
[32mSuccessfully compiled "resources/public/js/main.js" in 0.121 seconds.[0m
[0mCompiling "resources/public/js/main.js" from ["src"]...
Compiling src/om_min_todo/core.cljs
Compiling target/figwheel_temp/dev/figwheel/connect.cljs
notifying browser that file changed:  out/om_min_todo/core.js
[32mSuccessfully compiled "resources/public/js/main.js" in 0.125 seconds.[0m
[0mCompiling "resources/public/js/main.js" from ["src"]...
Compiling src/om_min_todo/core.cljs
Compiling target/figwheel_temp/dev/figwheel/connect.cljs
notifying browser that file changed:  out/om_min_todo/core.js
[32mSuccessfully compiled "resources/public/js/main.js" in 0.142 seconds.[0m
[0mCompiling "resources/public/js/main.js" from ["src"]...
Compiling src/om_min_todo/core.cljs
[31mCompiling "resources/public/js/main.js" failed.
[0mERROR: EOF while reading, starting at line 24 and column 3 on file /home/not-much-io/Projects/om-min-todo/src/om_min_todo/core.cljs, line 31, column 39
[32mSuccessfully compiled "resources/public/js/main.js" in 0.118 seconds.[0m
[0mCompiling "resources/public/js/main.js" from ["src"]...
Compiling src/om_min_todo/core.cljs
WARNING: Wrong number of args (0) passed to cljs.core/map at line 27 src/om_min_todo/core.cljs
Compiling target/figwheel_temp/dev/figwheel/connect.cljs
notifying browser that file changed:  out/om_min_todo/core.js
[32mSuccessfully compiled "resources/public/js/main.js" in 0.181 seconds.[0m
[0mCompiling "resources/public/js/main.js" from ["src"]...
Compiling src/om_min_todo/core.cljs
Compiling target/figwheel_temp/dev/figwheel/connect.cljs
notifying browser that file changed:  out/om_min_todo/core.js
[32mSuccessfully compiled "resources/public/js/main.js" in 0.164 seconds.[0m
[0mCompiling "resources/public/js/main.js" from ["src"]...
Compiling src/om_min_todo/core.cljs
Compiling target/figwheel_temp/dev/figwheel/connect.cljs
notifying browser that file changed:  out/om_min_todo/core.js
[32mSuccessfully compiled "resources/public/js/main.js" in 0.168 seconds.[0m
[0mCompiling "resources/public/js/main.js" from ["src"]...
Compiling src/om_min_todo/core.cljs
Compiling target/figwheel_temp/dev/figwheel/connect.cljs
notifying browser that file changed:  out/om_min_todo/core.js
[32mSuccessfully compiled "resources/public/js/main.js" in 0.166 seconds.[0m
[0mCompiling "resources/public/js/main.js" from ["src"]...
Compiling src/om_min_todo/core.cljs
Compiling target/figwheel_temp/dev/figwheel/connect.cljs
notifying browser that file changed:  out/om_min_todo/core.js
[32mSuccessfully compiled "resources/public/js/main.js" in 0.166 seconds.[0m
[0mCompiling "resources/public/js/main.js" from ["src"]...
Compiling src/om_min_todo/core.cljs
Compiling target/figwheel_temp/dev/figwheel/connect.cljs
notifying browser that file changed:  out/om_min_todo/core.js
[32mSuccessfully compiled "resources/public/js/main.js" in 0.173 seconds.[0m
[0mCompiling "resources/public/js/main.js" from ["src"]...
Compiling src/om_min_todo/core.cljs
Compiling target/figwheel_temp/dev/figwheel/connect.cljs
notifying browser that file changed:  out/om_min_todo/core.js
[32mSuccessfully compiled "resources/public/js/main.js" in 0.163 seconds.[0m
[0mCompiling "resources/public/js/main.js" from ["src"]...
Compiling src/om_min_todo/core.cljs
Compiling target/figwheel_temp/dev/figwheel/connect.cljs
notifying browser that file changed:  out/om_min_todo/core.js
[32mSuccessfully compiled "resources/public/js/main.js" in 0.165 seconds.[0m
[0mCompiling "resources/public/js/main.js" from ["src"]...
Compiling src/om_min_todo/core.cljs
Compiling target/figwheel_temp/dev/figwheel/connect.cljs
notifying browser that file changed:  out/om_min_todo/core.js
[32mSuccessfully compiled "resources/public/js/main.js" in 0.165 seconds.[0m
[0mCompiling "resources/public/js/main.js" from ["src"]...
Compiling src/om_min_todo/core.cljs
Compiling target/figwheel_temp/dev/figwheel/connect.cljs
notifying browser that file changed:  out/om_min_todo/core.js
[32mSuccessfully compiled "resources/public/js/main.js" in 0.167 seconds.[0m
[0mCompiling "resources/public/js/main.js" from ["src"]...
Compiling src/om_min_todo/core.cljs
Compiling target/figwheel_temp/dev/figwheel/connect.cljs
notifying browser that file changed:  out/om_min_todo/core.js
[32mSuccessfully compiled "resources/public/js/main.js" in 0.164 seconds.[0m
[0mCompiling "resources/public/js/main.js" from ["src"]...
Compiling src/om_min_todo/core.cljs
Compiling target/figwheel_temp/dev/figwheel/connect.cljs
notifying browser that file changed:  out/om_min_todo/core.js
[32mSuccessfully compiled "resources/public/js/main.js" in 0.18 seconds.[0m
[0mCompiling "resources/public/js/main.js" from ["src"]...
Compiling src/om_min_todo/core.cljs
Compiling target/figwheel_temp/dev/figwheel/connect.cljs
notifying browser that file changed:  out/om_min_todo/core.js
[32mSuccessfully compiled "resources/public/js/main.js" in 0.164 seconds.[0m
[0mCompiling "resources/public/js/main.js" from ["src"]...
Compiling src/om_min_todo/core.cljs
Compiling target/figwheel_temp/dev/figwheel/connect.cljs
notifying browser that file changed:  out/om_min_todo/core.js
[32mSuccessfully compiled "resources/public/js/main.js" in 0.164 seconds.[0m
[0mCompiling "resources/public/js/main.js" from ["src"]...
Compiling src/om_min_todo/core.cljs
Compiling target/figwheel_temp/dev/figwheel/connect.cljs
notifying browser that file changed:  out/om_min_todo/core.js
[32mSuccessfully compiled "resources/public/js/main.js" in 0.167 seconds.[0m
[0mCompiling "resources/public/js/main.js" from ["src"]...
Compiling src/om_min_todo/core.cljs
WARNING: Use of undeclared Var om-min-todo.core/todos at line 24 src/om_min_todo/core.cljs
Compiling target/figwheel_temp/dev/figwheel/connect.cljs
notifying browser that file changed:  out/om_min_todo/core.js
[32mSuccessfully compiled "resources/public/js/main.js" in 0.176 seconds.[0m
[0mCompiling "resources/public/js/main.js" from ["src"]...
Compiling src/om_min_todo/core.cljs
WARNING: Use of undeclared Var om-min-todo.core/todos at line 24 src/om_min_todo/core.cljs
Compiling target/figwheel_temp/dev/figwheel/connect.cljs
notifying browser that file changed:  out/om_min_todo/core.js
[32mSuccessfully compiled "resources/public/js/main.js" in 0.178 seconds.[0m
[0mCompiling "resources/public/js/main.js" from ["src"]...
Compiling src/om_min_todo/core.cljs
Compiling target/figwheel_temp/dev/figwheel/connect.cljs
notifying browser that file changed:  out/om_min_todo/core.js
[32mSuccessfully compiled "resources/public/js/main.js" in 0.172 seconds.[0m
[0mCompiling "resources/public/js/main.js" from ["src"]...
Compiling src/om_min_todo/core.cljs
[31mCompiling "resources/public/js/main.js" failed.
[0mANALYSIS ERROR: let requires an even number of forms in binding vector at line 16 src/om_min_todo/core.cljs on file src/om_min_todo/core.cljs, line 16, column 5
[32mSuccessfully compiled "resources/public/js/main.js" in 0.095 seconds.[0m
[0mCompiling "resources/public/js/main.js" from ["src"]...
Compiling src/om_min_todo/core.cljs
Compiling target/figwheel_temp/dev/figwheel/connect.cljs
notifying browser that file changed:  out/om_min_todo/core.js
[32mSuccessfully compiled "resources/public/js/main.js" in 0.162 seconds.[0m
[0mCompiling "resources/public/js/main.js" from ["src"]...
Compiling src/om_min_todo/core.cljs
Compiling target/figwheel_temp/dev/figwheel/connect.cljs
notifying browser that file changed:  out/om_min_todo/core.js
[32mSuccessfully compiled "resources/public/js/main.js" in 0.161 seconds.[0m
[0mCompiling "resources/public/js/main.js" from ["src"]...
Compiling src/om_min_todo/core.cljs
WARNING: Use of undeclared Var om-min-todo.core/title at line 17 src/om_min_todo/core.cljs
WARNING: Use of undeclared Var om-min-todo.core/pritln at line 25 src/om_min_todo/core.cljs
Compiling target/figwheel_temp/dev/figwheel/connect.cljs
notifying browser that file changed:  out/om_min_todo/core.js
[32mSuccessfully compiled "resources/public/js/main.js" in 0.192 seconds.[0m
[0mCompiling "resources/public/js/main.js" from ["src"]...
Compiling src/om_min_todo/core.cljs
WARNING: Use of undeclared Var om-min-todo.core/title at line 17 src/om_min_todo/core.cljs
Compiling target/figwheel_temp/dev/figwheel/connect.cljs
notifying browser that file changed:  out/om_min_todo/core.js
[32mSuccessfully compiled "resources/public/js/main.js" in 0.189 seconds.[0m
[0mCompiling "resources/public/js/main.js" from ["src"]...
Compiling src/om_min_todo/core.cljs
Compiling target/figwheel_temp/dev/figwheel/connect.cljs
notifying browser that file changed:  out/om_min_todo/core.js
[32mSuccessfully compiled "resources/public/js/main.js" in 0.162 seconds.[0m
[0mCompiling "resources/public/js/main.js" from ["src"]...
Compiling src/om_min_todo/core.cljs
Compiling target/figwheel_temp/dev/figwheel/connect.cljs
notifying browser that file changed:  out/om_min_todo/core.js
[32mSuccessfully compiled "resources/public/js/main.js" in 0.177 seconds.[0m
[0mCompiling "resources/public/js/main.js" from ["src"]...
Compiling src/om_min_todo/core.cljs
Compiling target/figwheel_temp/dev/figwheel/connect.cljs
notifying browser that file changed:  out/om_min_todo/core.js
[32mSuccessfully compiled "resources/public/js/main.js" in 0.162 seconds.[0m
[0mCompiling "resources/public/js/main.js" from ["src"]...
Compiling src/om_min_todo/core.cljs
Compiling target/figwheel_temp/dev/figwheel/connect.cljs
notifying browser that file changed:  out/om_min_todo/core.js
[32mSuccessfully compiled "resources/public/js/main.js" in 0.164 seconds.[0m
[0mCompiling "resources/public/js/main.js" from ["src"]...
Compiling src/om_min_todo/core.cljs
Compiling target/figwheel_temp/dev/figwheel/connect.cljs
notifying browser that file changed:  out/om_min_todo/core.js
[32mSuccessfully compiled "resources/public/js/main.js" in 0.162 seconds.[0m
[0mCompiling "resources/public/js/main.js" from ["src"]...
Compiling src/om_min_todo/core.cljs
Compiling target/figwheel_temp/dev/figwheel/connect.cljs
notifying browser that file changed:  out/om_min_todo/core.js
[32mSuccessfully compiled "resources/public/js/main.js" in 0.172 seconds.[0m
[0mCompiling "resources/public/js/main.js" from ["src"]...
Compiling src/om_min_todo/core.cljs
Compiling target/figwheel_temp/dev/figwheel/connect.cljs
notifying browser that file changed:  out/om_min_todo/core.js
[32mSuccessfully compiled "resources/public/js/main.js" in 0.164 seconds.[0m
[0mCompiling "resources/public/js/main.js" from ["src"]...
Compiling src/om_min_todo/core.cljs
Compiling target/figwheel_temp/dev/figwheel/connect.cljs
notifying browser that file changed:  out/om_min_todo/core.js
[32mSuccessfully compiled "resources/public/js/main.js" in 0.162 seconds.[0m
[0mCompiling "resources/public/js/main.js" from ["src"]...
Compiling src/om_min_todo/core.cljs
Compiling target/figwheel_temp/dev/figwheel/connect.cljs
notifying browser that file changed:  out/om_min_todo/core.js
[32mSuccessfully compiled "resources/public/js/main.js" in 0.165 seconds.[0m
[0mCompiling "resources/public/js/main.js" from ["src"]...
Compiling src/om_min_todo/core.cljs
Compiling target/figwheel_temp/dev/figwheel/connect.cljs
notifying browser that file changed:  out/om_min_todo/core.js
[32mSuccessfully compiled "resources/public/js/main.js" in 0.162 seconds.[0m
[0mCompiling "resources/public/js/main.js" from ["src"]...
Compiling src/om_min_todo/core.cljs
Compiling target/figwheel_temp/dev/figwheel/connect.cljs
notifying browser that file changed:  out/om_min_todo/core.js
[32mSuccessfully compiled "resources/public/js/main.js" in 0.172 seconds.[0m
[0mCompiling "resources/public/js/main.js" from ["src"]...
Compiling src/om_min_todo/core.cljs
Compiling target/figwheel_temp/dev/figwheel/connect.cljs
notifying browser that file changed:  out/om_min_todo/core.js
[32mSuccessfully compiled "resources/public/js/main.js" in 0.161 seconds.[0m
[0mCompiling "resources/public/js/main.js" from ["src"]...
Compiling src/om_min_todo/core.cljs
Compiling target/figwheel_temp/dev/figwheel/connect.cljs
notifying browser that file changed:  out/om_min_todo/core.js
[32mSuccessfully compiled "resources/public/js/main.js" in 0.166 seconds.[0m
[0mCompiling "resources/public/js/main.js" from ["src"]...
Compiling src/om_min_todo/core.cljs
Compiling target/figwheel_temp/dev/figwheel/connect.cljs
notifying browser that file changed:  out/om_min_todo/core.js
[32mSuccessfully compiled "resources/public/js/main.js" in 0.177 seconds.[0m
[0mCompiling "resources/public/js/main.js" from ["src"]...
Compiling src/om_min_todo/core.cljs
WARNING: Use of undeclared Var om-min-todo.core/prop at line 21 src/om_min_todo/core.cljs
Compiling target/figwheel_temp/dev/figwheel/connect.cljs
notifying browser that file changed:  out/om_min_todo/core.js
[32mSuccessfully compiled "resources/public/js/main.js" in 0.195 seconds.[0m
[0mCompiling "resources/public/js/main.js" from ["src"]...
Compiling src/om_min_todo/core.cljs
Compiling target/figwheel_temp/dev/figwheel/connect.cljs
notifying browser that file changed:  out/om_min_todo/core.js
[32mSuccessfully compiled "resources/public/js/main.js" in 0.167 seconds.[0m
[0mCompiling "resources/public/js/main.js" from ["src"]...
Compiling src/om_min_todo/core.cljs
Compiling target/figwheel_temp/dev/figwheel/connect.cljs
notifying browser that file changed:  out/om_min_todo/core.js
[32mSuccessfully compiled "resources/public/js/main.js" in 0.167 seconds.[0m
[0mCompiling "resources/public/js/main.js" from ["src"]...
Compiling src/om_min_todo/core.cljs
Compiling target/figwheel_temp/dev/figwheel/connect.cljs
notifying browser that file changed:  out/om_min_todo/core.js
[32mSuccessfully compiled "resources/public/js/main.js" in 0.17 seconds.[0m
[0mCompiling "resources/public/js/main.js" from ["src"]...
Compiling src/om_min_todo/core.cljs
Compiling target/figwheel_temp/dev/figwheel/connect.cljs
notifying browser that file changed:  out/om_min_todo/core.js
[32mSuccessfully compiled "resources/public/js/main.js" in 0.165 seconds.[0m
[0mCompiling "resources/public/js/main.js" from ["src"]...
Compiling src/om_min_todo/core.cljs
Compiling target/figwheel_temp/dev/figwheel/connect.cljs
notifying browser that file changed:  out/om_min_todo/core.js
[32mSuccessfully compiled "resources/public/js/main.js" in 0.182 seconds.[0m
[0mCompiling "resources/public/js/main.js" from ["src"]...
Compiling src/om_min_todo/core.cljs
Compiling target/figwheel_temp/dev/figwheel/connect.cljs
notifying browser that file changed:  out/om_min_todo/core.js
[32mSuccessfully compiled "resources/public/js/main.js" in 0.165 seconds.[0m
[0mCompiling "resources/public/js/main.js" from ["src"]...
Compiling src/om_min_todo/core.cljs
Compiling target/figwheel_temp/dev/figwheel/connect.cljs
notifying browser that file changed:  out/om_min_todo/core.js
[32mSuccessfully compiled "resources/public/js/main.js" in 0.176 seconds.[0m
[0mCompiling "resources/public/js/main.js" from ["src"]...
Compiling src/om_min_todo/core.cljs
Compiling target/figwheel_temp/dev/figwheel/connect.cljs
notifying browser that file changed:  out/om_min_todo/core.js
[32mSuccessfully compiled "resources/public/js/main.js" in 0.163 seconds.[0m
[0mCompiling "resources/public/js/main.js" from ["src"]...
Compiling src/om_min_todo/core.cljs
Compiling target/figwheel_temp/dev/figwheel/connect.cljs
notifying browser that file changed:  out/om_min_todo/core.js
[32mSuccessfully compiled "resources/public/js/main.js" in 0.166 seconds.[0m
[0mCompiling "resources/public/js/main.js" from ["src"]...
Compiling src/om_min_todo/core.cljs
Compiling target/figwheel_temp/dev/figwheel/connect.cljs
notifying browser that file changed:  out/om_min_todo/core.js
[32mSuccessfully compiled "resources/public/js/main.js" in 0.164 seconds.[0m
[0mCompiling "resources/public/js/main.js" from ["src"]...
Compiling src/om_min_todo/core.cljs
Compiling target/figwheel_temp/dev/figwheel/connect.cljs
notifying browser that file changed:  out/om_min_todo/core.js
[32mSuccessfully compiled "resources/public/js/main.js" in 0.162 seconds.[0m
[0mCompiling "resources/public/js/main.js" from ["src"]...
Compiling src/om_min_todo/core.cljs
Compiling target/figwheel_temp/dev/figwheel/connect.cljs
notifying browser that file changed:  out/om_min_todo/core.js
[32mSuccessfully compiled "resources/public/js/main.js" in 0.165 seconds.[0m
[0mCompiling "resources/public/js/main.js" from ["src"]...
Compiling src/om_min_todo/core.cljs
WARNING: Use of undeclared Var om.dom/opl at line 32 src/om_min_todo/core.cljs
Compiling target/figwheel_temp/dev/figwheel/connect.cljs
notifying browser that file changed:  out/om_min_todo/core.js
[32mSuccessfully compiled "resources/public/js/main.js" in 0.177 seconds.[0m
[0mCompiling "resources/public/js/main.js" from ["src"]...
Compiling src/om_min_todo/core.cljs
Compiling target/figwheel_temp/dev/figwheel/connect.cljs
notifying browser that file changed:  out/om_min_todo/core.js
[32mSuccessfully compiled "resources/public/js/main.js" in 0.171 seconds.[0m
[0mCompiling "resources/public/js/main.js" from ["src"]...
Compiling src/om_min_todo/core.cljs
Compiling target/figwheel_temp/dev/figwheel/connect.cljs
notifying browser that file changed:  out/om_min_todo/core.js
[32mSuccessfully compiled "resources/public/js/main.js" in 0.163 seconds.[0m
[0mCompiling "resources/public/js/main.js" from ["src"]...
Compiling src/om_min_todo/core.cljs
Compiling target/figwheel_temp/dev/figwheel/connect.cljs
notifying browser that file changed:  out/om_min_todo/core.js
[32mSuccessfully compiled "resources/public/js/main.js" in 0.162 seconds.[0m
[0mCompiling "resources/public/js/main.js" from ["src"]...
Compiling src/om_min_todo/core.cljs
Compiling target/figwheel_temp/dev/figwheel/connect.cljs
notifying browser that file changed:  out/om_min_todo/core.js
[32mSuccessfully compiled "resources/public/js/main.js" in 0.161 seconds.[0m
[0mCompiling "resources/public/js/main.js" from ["src"]...
Compiling src/om_min_todo/core.cljs
Compiling target/figwheel_temp/dev/figwheel/connect.cljs
notifying browser that file changed:  out/om_min_todo/core.js
[32mSuccessfully compiled "resources/public/js/main.js" in 0.163 seconds.[0m
[0mCompiling "resources/public/js/main.js" from ["src"]...
Compiling src/om_min_todo/core.cljs
Compiling target/figwheel_temp/dev/figwheel/connect.cljs
notifying browser that file changed:  out/om_min_todo/core.js
[32mSuccessfully compiled "resources/public/js/main.js" in 0.159 seconds.[0m
[0mCompiling "resources/public/js/main.js" from ["src"]...
Compiling src/om_min_todo/core.cljs
Compiling target/figwheel_temp/dev/figwheel/connect.cljs
notifying browser that file changed:  out/om_min_todo/core.js
[32mSuccessfully compiled "resources/public/js/main.js" in 0.164 seconds.[0m
[0mCompiling "resources/public/js/main.js" from ["src"]...
Compiling src/om_min_todo/core.cljs
Compiling target/figwheel_temp/dev/figwheel/connect.cljs
notifying browser that file changed:  out/om_min_todo/core.js
[32mSuccessfully compiled "resources/public/js/main.js" in 0.162 seconds.[0m
[0mCompiling "resources/public/js/main.js" from ["src"]...
Compiling src/om_min_todo/core.cljs
Compiling target/figwheel_temp/dev/figwheel/connect.cljs
notifying browser that file changed:  out/om_min_todo/core.js
[32mSuccessfully compiled "resources/public/js/main.js" in 0.162 seconds.[0m
[0mCompiling "resources/public/js/main.js" from ["src"]...
Compiling src/om_min_todo/core.cljs
Compiling target/figwheel_temp/dev/figwheel/connect.cljs
notifying browser that file changed:  out/om_min_todo/core.js
[32mSuccessfully compiled "resources/public/js/main.js" in 0.165 seconds.[0m
[0mCompiling "resources/public/js/main.js" from ["src"]...
Compiling src/om_min_todo/core.cljs
Compiling target/figwheel_temp/dev/figwheel/connect.cljs
notifying browser that file changed:  out/om_min_todo/core.js
[32mSuccessfully compiled "resources/public/js/main.js" in 0.165 seconds.[0m
[0mCompiling "resources/public/js/main.js" from ["src"]...
Compiling src/om_min_todo/core.cljs
Compiling target/figwheel_temp/dev/figwheel/connect.cljs
notifying browser that file changed:  out/om_min_todo/core.js
[32mSuccessfully compiled "resources/public/js/main.js" in 0.164 seconds.[0m
[0mCompiling "resources/public/js/main.js" from ["src"]...
Compiling src/om_min_todo/core.cljs
Compiling target/figwheel_temp/dev/figwheel/connect.cljs
notifying browser that file changed:  out/om_min_todo/core.js
[32mSuccessfully compiled "resources/public/js/main.js" in 0.163 seconds.[0m
[0mCompiling "resources/public/js/main.js" from ["src"]...
Compiling src/om_min_todo/core.cljs
Compiling target/figwheel_temp/dev/figwheel/connect.cljs
notifying browser that file changed:  out/om_min_todo/core.js
[32mSuccessfully compiled "resources/public/js/main.js" in 0.159 seconds.[0m
[0mCompiling "resources/public/js/main.js" from ["src"]...
Compiling src/om_min_todo/core.cljs
Compiling target/figwheel_temp/dev/figwheel/connect.cljs
notifying browser that file changed:  out/om_min_todo/core.js
[32mSuccessfully compiled "resources/public/js/main.js" in 0.161 seconds.[0m
[0mCompiling "resources/public/js/main.js" from ["src"]...
Compiling src/om_min_todo/core.cljs
Compiling target/figwheel_temp/dev/figwheel/connect.cljs
notifying browser that file changed:  out/om_min_todo/core.js
[32mSuccessfully compiled "resources/public/js/main.js" in 0.17 seconds.[0m
[0mCompiling "resources/public/js/main.js" from ["src"]...
Compiling src/om_min_todo/core.cljs
Compiling target/figwheel_temp/dev/figwheel/connect.cljs
notifying browser that file changed:  out/om_min_todo/core.js
[32mSuccessfully compiled "resources/public/js/main.js" in 0.17 seconds.[0m
[0mCompiling "resources/public/js/main.js" from ["src"]...
Compiling src/om_min_todo/core.cljs
Compiling target/figwheel_temp/dev/figwheel/connect.cljs
notifying browser that file changed:  out/om_min_todo/core.js
[32mSuccessfully compiled "resources/public/js/main.js" in 0.178 seconds.[0m
[0mCompiling "resources/public/js/main.js" from ["src"]...
Compiling src/om_min_todo/core.cljs
Compiling target/figwheel_temp/dev/figwheel/connect.cljs
notifying browser that file changed:  out/om_min_todo/core.js
[32mSuccessfully compiled "resources/public/js/main.js" in 0.18 seconds.[0m
[0mCompiling "resources/public/js/main.js" from ["src"]...
Compiling src/om_min_todo/core.cljs
Compiling target/figwheel_temp/dev/figwheel/connect.cljs
notifying browser that file changed:  out/om_min_todo/core.js
[32mSuccessfully compiled "resources/public/js/main.js" in 0.181 seconds.[0m
[0mCompiling "resources/public/js/main.js" from ["src"]...
Compiling src/om_min_todo/core.cljs
Compiling target/figwheel_temp/dev/figwheel/connect.cljs
notifying browser that file changed:  out/om_min_todo/core.js
[32mSuccessfully compiled "resources/public/js/main.js" in 0.18 seconds.[0m
[0mCompiling "resources/public/js/main.js" from ["src"]...
Compiling src/om_min_todo/core.cljs
WARNING: Wrong number of args (0) passed to add-todo at line 41 src/om_min_todo/core.cljs
Compiling target/figwheel_temp/dev/figwheel/connect.cljs
notifying browser that file changed:  out/om_min_todo/core.js
[32mSuccessfully compiled "resources/public/js/main.js" in 0.195 seconds.[0m
[0mCompiling "resources/public/js/main.js" from ["src"]...
Compiling src/om_min_todo/core.cljs
WARNING: Wrong number of args (0) passed to add-todo at line 41 src/om_min_todo/core.cljs
Compiling target/figwheel_temp/dev/figwheel/connect.cljs
notifying browser that file changed:  out/om_min_todo/core.js
[32mSuccessfully compiled "resources/public/js/main.js" in 0.2 seconds.[0m
[0mCompiling "resources/public/js/main.js" from ["src"]...
Compiling src/om_min_todo/core.cljs
Compiling target/figwheel_temp/dev/figwheel/connect.cljs
notifying browser that file changed:  out/om_min_todo/core.js
[32mSuccessfully compiled "resources/public/js/main.js" in 0.19 seconds.[0m
[0mCompiling "resources/public/js/main.js" from ["src"]...
Compiling src/om_min_todo/core.cljs
Compiling target/figwheel_temp/dev/figwheel/connect.cljs
notifying browser that file changed:  out/om_min_todo/core.js
[32mSuccessfully compiled "resources/public/js/main.js" in 0.278 seconds.[0m
[0mCompiling "resources/public/js/main.js" from ["src"]...
Compiling src/om_min_todo/core.cljs
Compiling target/figwheel_temp/dev/figwheel/connect.cljs
notifying browser that file changed:  out/om_min_todo/core.js
[32mSuccessfully compiled "resources/public/js/main.js" in 0.21 seconds.[0m
[0mCompiling "resources/public/js/main.js" from ["src"]...
Compiling src/om_min_todo/core.cljs
Compiling target/figwheel_temp/dev/figwheel/connect.cljs
notifying browser that file changed:  out/om_min_todo/core.js
[32mSuccessfully compiled "resources/public/js/main.js" in 0.179 seconds.[0m
[0mCompiling "resources/public/js/main.js" from ["src"]...
Compiling src/om_min_todo/core.cljs
Compiling target/figwheel_temp/dev/figwheel/connect.cljs
notifying browser that file changed:  out/om_min_todo/core.js
[32mSuccessfully compiled "resources/public/js/main.js" in 0.185 seconds.[0m
[0mCompiling "resources/public/js/main.js" from ["src"]...
Compiling src/om_min_todo/core.cljs
Compiling target/figwheel_temp/dev/figwheel/connect.cljs
notifying browser that file changed:  out/om_min_todo/core.js
[32mSuccessfully compiled "resources/public/js/main.js" in 0.184 seconds.[0m
[0mCompiling "resources/public/js/main.js" from ["src"]...
Compiling src/om_min_todo/core.cljs
Compiling target/figwheel_temp/dev/figwheel/connect.cljs
notifying browser that file changed:  out/om_min_todo/core.js
[32mSuccessfully compiled "resources/public/js/main.js" in 0.183 seconds.[0m
[0mCompiling "resources/public/js/main.js" from ["src"]...
Compiling src/om_min_todo/core.cljs
Compiling target/figwheel_temp/dev/figwheel/connect.cljs
notifying browser that file changed:  out/om_min_todo/core.js
[32mSuccessfully compiled "resources/public/js/main.js" in 0.19 seconds.[0m
[0mCompiling "resources/public/js/main.js" from ["src"]...
Compiling src/om_min_todo/core.cljs
Compiling target/figwheel_temp/dev/figwheel/connect.cljs
notifying browser that file changed:  out/om_min_todo/core.js
[32mSuccessfully compiled "resources/public/js/main.js" in 0.182 seconds.[0m
[0mCompiling "resources/public/js/main.js" from ["src"]...
Compiling src/om_min_todo/core.cljs
WARNING: Use of undeclared Var om-min-todo.core/sel at line 42 src/om_min_todo/core.cljs
Compiling target/figwheel_temp/dev/figwheel/connect.cljs
notifying browser that file changed:  out/om_min_todo/core.js
[32mSuccessfully compiled "resources/public/js/main.js" in 0.199 seconds.[0m
[0mCompiling "resources/public/js/main.js" from ["src"]...
Compiling src/om_min_todo/core.cljs
Compiling target/figwheel_temp/dev/figwheel/connect.cljs
notifying browser that file changed:  out/om_min_todo/core.js
[32mSuccessfully compiled "resources/public/js/main.js" in 0.191 seconds.[0m
[0mCompiling "resources/public/js/main.js" from ["src"]...
Compiling src/om_min_todo/core.cljs
Compiling target/figwheel_temp/dev/figwheel/connect.cljs
notifying browser that file changed:  out/om_min_todo/core.js
[32mSuccessfully compiled "resources/public/js/main.js" in 0.181 seconds.[0m
[0mCompiling "resources/public/js/main.js" from ["src"]...
Compiling src/om_min_todo/core.cljs
Compiling target/figwheel_temp/dev/figwheel/connect.cljs
notifying browser that file changed:  out/om_min_todo/core.js
[32mSuccessfully compiled "resources/public/js/main.js" in 0.183 seconds.[0m
[0mCompiling "resources/public/js/main.js" from ["src"]...
Compiling src/om_min_todo/core.cljs
Compiling target/figwheel_temp/dev/figwheel/connect.cljs
notifying browser that file changed:  out/om_min_todo/core.js
[32mSuccessfully compiled "resources/public/js/main.js" in 0.211 seconds.[0m
[0mCompiling "resources/public/js/main.js" from ["src"]...
Compiling src/om_min_todo/core.cljs
Compiling target/figwheel_temp/dev/figwheel/connect.cljs
notifying browser that file changed:  out/om_min_todo/core.js
[32mSuccessfully compiled "resources/public/js/main.js" in 0.181 seconds.[0m
[0mCompiling "resources/public/js/main.js" from ["src"]...
Compiling src/om_min_todo/core.cljs
Compiling target/figwheel_temp/dev/figwheel/connect.cljs
notifying browser that file changed:  out/om_min_todo/core.js
[32mSuccessfully compiled "resources/public/js/main.js" in 0.183 seconds.[0m
[0mCompiling "resources/public/js/main.js" from ["src"]...
Compiling src/om_min_todo/core.cljs
Compiling target/figwheel_temp/dev/figwheel/connect.cljs
notifying browser that file changed:  out/om_min_todo/core.js
[32mSuccessfully compiled "resources/public/js/main.js" in 0.181 seconds.[0m
[0mCompiling "resources/public/js/main.js" from ["src"]...
Compiling src/om_min_todo/core.cljs
Compiling target/figwheel_temp/dev/figwheel/connect.cljs
notifying browser that file changed:  out/om_min_todo/core.js
[32mSuccessfully compiled "resources/public/js/main.js" in 0.183 seconds.[0m
[0mCompiling "resources/public/js/main.js" from ["src"]...
Compiling src/om_min_todo/core.cljs
Compiling target/figwheel_temp/dev/figwheel/connect.cljs
notifying browser that file changed:  out/om_min_todo/core.js
[32mSuccessfully compiled "resources/public/js/main.js" in 0.183 seconds.[0m
[0mCompiling "resources/public/js/main.js" from ["src"]...
Compiling src/om_min_todo/core.cljs
Compiling target/figwheel_temp/dev/figwheel/connect.cljs
notifying browser that file changed:  out/om_min_todo/core.js
[32mSuccessfully compiled "resources/public/js/main.js" in 0.181 seconds.[0m
[0mCompiling "resources/public/js/main.js" from ["src"]...
Compiling src/om_min_todo/core.cljs
Compiling target/figwheel_temp/dev/figwheel/connect.cljs
notifying browser that file changed:  out/om_min_todo/core.js
[32mSuccessfully compiled "resources/public/js/main.js" in 0.185 seconds.[0m
[0mCompiling "resources/public/js/main.js" from ["src"]...
Compiling src/om_min_todo/core.cljs
Compiling target/figwheel_temp/dev/figwheel/connect.cljs
notifying browser that file changed:  out/om_min_todo/core.js
[32mSuccessfully compiled "resources/public/js/main.js" in 0.187 seconds.[0m
[0mCompiling "resources/public/js/main.js" from ["src"]...
Compiling src/om_min_todo/core.cljs
Compiling target/figwheel_temp/dev/figwheel/connect.cljs
notifying browser that file changed:  out/om_min_todo/core.js
[32mSuccessfully compiled "resources/public/js/main.js" in 0.184 seconds.[0m
[0mCompiling "resources/public/js/main.js" from ["src"]...
Compiling src/om_min_todo/core.cljs
Compiling target/figwheel_temp/dev/figwheel/connect.cljs
notifying browser that file changed:  out/om_min_todo/core.js
[32mSuccessfully compiled "resources/public/js/main.js" in 0.184 seconds.[0m
[0mCompiling "resources/public/js/main.js" from ["src"]...
Compiling src/om_min_todo/core.cljs
Compiling target/figwheel_temp/dev/figwheel/connect.cljs
notifying browser that file changed:  out/om_min_todo/core.js
[32mSuccessfully compiled "resources/public/js/main.js" in 0.18 seconds.[0m
[0mCompiling "resources/public/js/main.js" from ["src"]...
Compiling src/om_min_todo/core.cljs
Compiling target/figwheel_temp/dev/figwheel/connect.cljs
notifying browser that file changed:  out/om_min_todo/core.js
[32mSuccessfully compiled "resources/public/js/main.js" in 0.187 seconds.[0m
[0mCompiling "resources/public/js/main.js" from ["src"]...
Compiling src/om_min_todo/core.cljs
Compiling target/figwheel_temp/dev/figwheel/connect.cljs
notifying browser that file changed:  out/om_min_todo/core.js
[32mSuccessfully compiled "resources/public/js/main.js" in 0.19 seconds.[0m
[0mCompiling "resources/public/js/main.js" from ["src"]...
Compiling src/om_min_todo/core.cljs
Compiling target/figwheel_temp/dev/figwheel/connect.cljs
notifying browser that file changed:  out/om_min_todo/core.js
[32mSuccessfully compiled "resources/public/js/main.js" in 0.199 seconds.[0m
[0mCompiling "resources/public/js/main.js" from ["src"]...
Compiling src/om_min_todo/core.cljs
Compiling target/figwheel_temp/dev/figwheel/connect.cljs
notifying browser that file changed:  out/om_min_todo/core.js
[32mSuccessfully compiled "resources/public/js/main.js" in 0.185 seconds.[0m
[0mCompiling "resources/public/js/main.js" from ["src"]...
Compiling src/om_min_todo/core.cljs
Compiling target/figwheel_temp/dev/figwheel/connect.cljs
notifying browser that file changed:  out/om_min_todo/core.js
[32mSuccessfully compiled "resources/public/js/main.js" in 0.188 seconds.[0m
[0mCompiling "resources/public/js/main.js" from ["src"]...
Compiling src/om_min_todo/core.cljs
Compiling target/figwheel_temp/dev/figwheel/connect.cljs
notifying browser that file changed:  out/om_min_todo/core.js
[32mSuccessfully compiled "resources/public/js/main.js" in 0.194 seconds.[0m
[0mCompiling "resources/public/js/main.js" from ["src"]...
Compiling src/om_min_todo/core.cljs
Compiling target/figwheel_temp/dev/figwheel/connect.cljs
notifying browser that file changed:  out/om_min_todo/core.js
[32mSuccessfully compiled "resources/public/js/main.js" in 0.185 seconds.[0m
[0mCompiling "resources/public/js/main.js" from ["src"]...
Compiling src/om_min_todo/core.cljs
Compiling target/figwheel_temp/dev/figwheel/connect.cljs
notifying browser that file changed:  out/om_min_todo/core.js
[32mSuccessfully compiled "resources/public/js/main.js" in 0.202 seconds.[0m
[0mCompiling "resources/public/js/main.js" from ["src"]...
Compiling src/om_min_todo/core.cljs
Compiling target/figwheel_temp/dev/figwheel/connect.cljs
notifying browser that file changed:  out/om_min_todo/core.js
[32mSuccessfully compiled "resources/public/js/main.js" in 0.187 seconds.[0m
[0mCompiling "resources/public/js/main.js" from ["src"]...
Compiling src/om_min_todo/core.cljs
Compiling target/figwheel_temp/dev/figwheel/connect.cljs
notifying browser that file changed:  out/om_min_todo/core.js
[32mSuccessfully compiled "resources/public/js/main.js" in 0.191 seconds.[0m
[0mCompiling "resources/public/js/main.js" from ["src"]...
Compiling src/om_min_todo/core.cljs
Compiling target/figwheel_temp/dev/figwheel/connect.cljs
notifying browser that file changed:  out/om_min_todo/core.js
[32mSuccessfully compiled "resources/public/js/main.js" in 0.205 seconds.[0m
[0mCompiling "resources/public/js/main.js" from ["src"]...
Compiling src/om_min_todo/core.cljs
Compiling target/figwheel_temp/dev/figwheel/connect.cljs
notifying browser that file changed:  out/om_min_todo/core.js
[32mSuccessfully compiled "resources/public/js/main.js" in 0.191 seconds.[0m
[0mCompiling "resources/public/js/main.js" from ["src"]...
Compiling src/om_min_todo/core.cljs
Compiling target/figwheel_temp/dev/figwheel/connect.cljs
notifying browser that file changed:  out/om_min_todo/core.js
[32mSuccessfully compiled "resources/public/js/main.js" in 0.185 seconds.[0m
[0mCompiling "resources/public/js/main.js" from ["src"]...
Compiling src/om_min_todo/core.cljs
Compiling target/figwheel_temp/dev/figwheel/connect.cljs
notifying browser that file changed:  out/om_min_todo/core.js
[32mSuccessfully compiled "resources/public/js/main.js" in 0.195 seconds.[0m
[0mCompiling "resources/public/js/main.js" from ["src"]...
Compiling src/om_min_todo/core.cljs
Compiling target/figwheel_temp/dev/figwheel/connect.cljs
notifying browser that file changed:  out/om_min_todo/core.js
[32mSuccessfully compiled "resources/public/js/main.js" in 0.187 seconds.[0m
[0mCompiling "resources/public/js/main.js" from ["src"]...
Compiling src/om_min_todo/core.cljs
Compiling target/figwheel_temp/dev/figwheel/connect.cljs
notifying browser that file changed:  out/om_min_todo/core.js
[32mSuccessfully compiled "resources/public/js/main.js" in 0.185 seconds.[0m
[0mCompiling "resources/public/js/main.js" from ["src"]...
Compiling src/om_min_todo/core.cljs
Compiling target/figwheel_temp/dev/figwheel/connect.cljs
notifying browser that file changed:  out/om_min_todo/core.js
[32mSuccessfully compiled "resources/public/js/main.js" in 0.199 seconds.[0m
[0mCompiling "resources/public/js/main.js" from ["src"]...
Compiling src/om_min_todo/core.cljs
Compiling target/figwheel_temp/dev/figwheel/connect.cljs
notifying browser that file changed:  out/om_min_todo/core.js
[32mSuccessfully compiled "resources/public/js/main.js" in 0.185 seconds.[0m
[0mCompiling "resources/public/js/main.js" from ["src"]...
Compiling src/om_min_todo/core.cljs
Compiling target/figwheel_temp/dev/figwheel/connect.cljs
notifying browser that file changed:  out/om_min_todo/core.js
[32mSuccessfully compiled "resources/public/js/main.js" in 0.191 seconds.[0m
[0mCompiling "resources/public/js/main.js" from ["src"]...
Compiling src/om_min_todo/core.cljs
Compiling target/figwheel_temp/dev/figwheel/connect.cljs
notifying browser that file changed:  out/om_min_todo/core.js
[32mSuccessfully compiled "resources/public/js/main.js" in 0.198 seconds.[0m
[0mCompiling "resources/public/js/main.js" from ["src"]...
Compiling src/om_min_todo/core.cljs
WARNING: Use of undeclared Var om-min-todo.core/todo at line 29 src/om_min_todo/core.cljs
WARNING: Use of undeclared Var om-min-todo.core/new-todo-form at line 52 src/om_min_todo/core.cljs
WARNING: Use of undeclared Var om-min-todo.core/todo-list at line 53 src/om_min_todo/core.cljs
Compiling target/figwheel_temp/dev/figwheel/connect.cljs
notifying browser that file changed:  out/om_min_todo/core.js
[32mSuccessfully compiled "resources/public/js/main.js" in 0.265 seconds.[0m
[0mCompiling "resources/public/js/main.js" from ["src"]...
Compiling src/om_min_todo/core.cljs
WARNING: Use of undeclared Var om-min-todo.core/todo at line 29 src/om_min_todo/core.cljs
WARNING: Use of undeclared Var om-min-todo.core/new-todo-form at line 51 src/om_min_todo/core.cljs
WARNING: Use of undeclared Var om-min-todo.core/todo-list at line 52 src/om_min_todo/core.cljs
Compiling target/figwheel_temp/dev/figwheel/connect.cljs
notifying browser that file changed:  out/om_min_todo/core.js
[32mSuccessfully compiled "resources/public/js/main.js" in 0.23 seconds.[0m
[0mCompiling "resources/public/js/main.js" from ["src"]...
Compiling src/om_min_todo/core.cljs
WARNING: Use of undeclared Var om-min-todo.core/new-todo-form at line 52 src/om_min_todo/core.cljs
WARNING: Use of undeclared Var om-min-todo.core/todo-list at line 53 src/om_min_todo/core.cljs
Compiling target/figwheel_temp/dev/figwheel/connect.cljs
notifying browser that file changed:  out/om_min_todo/core.js
[32mSuccessfully compiled "resources/public/js/main.js" in 0.218 seconds.[0m
[0mCompiling "resources/public/js/main.js" from ["src"]...
Compiling src/om_min_todo/core.cljs
Compiling target/figwheel_temp/dev/figwheel/connect.cljs
notifying browser that file changed:  out/om_min_todo/core.js
[32mSuccessfully compiled "resources/public/js/main.js" in 0.195 seconds.[0m
[0mCompiling "resources/public/js/main.js" from ["src"]...
Compiling src/om_min_todo/core.cljs
WARNING: Wrong number of args (1) passed to add-todo at line 43 src/om_min_todo/core.cljs
Compiling target/figwheel_temp/dev/figwheel/connect.cljs
notifying browser that file changed:  out/om_min_todo/core.js
[32mSuccessfully compiled "resources/public/js/main.js" in 0.203 seconds.[0m
[0mCompiling "resources/public/js/main.js" from ["src"]...
Compiling src/om_min_todo/core.cljs
WARNING: Wrong number of args (1) passed to add-todo at line 44 src/om_min_todo/core.cljs
Compiling target/figwheel_temp/dev/figwheel/connect.cljs
notifying browser that file changed:  out/om_min_todo/core.js
[32mSuccessfully compiled "resources/public/js/main.js" in 0.207 seconds.[0m
[0mCompiling "resources/public/js/main.js" from ["src"]...
Compiling src/om_min_todo/core.cljs
Compiling target/figwheel_temp/dev/figwheel/connect.cljs
notifying browser that file changed:  out/om_min_todo/core.js
[32mSuccessfully compiled "resources/public/js/main.js" in 0.202 seconds.[0m
[0mCompiling "resources/public/js/main.js" from ["src"]...
Compiling src/om_min_todo/core.cljs
Compiling target/figwheel_temp/dev/figwheel/connect.cljs
notifying browser that file changed:  out/om_min_todo/core.js
[32mSuccessfully compiled "resources/public/js/main.js" in 0.186 seconds.[0m
[0mCompiling "resources/public/js/main.js" from ["src"]...
Compiling src/om_min_todo/core.cljs
Compiling target/figwheel_temp/dev/figwheel/connect.cljs
notifying browser that file changed:  out/om_min_todo/core.js
[32mSuccessfully compiled "resources/public/js/main.js" in 0.198 seconds.[0m
[0mCompiling "resources/public/js/main.js" from ["src"]...
Compiling src/om_min_todo/core.cljs
Compiling target/figwheel_temp/dev/figwheel/connect.cljs
notifying browser that file changed:  out/om_min_todo/core.js
[32mSuccessfully compiled "resources/public/js/main.js" in 0.201 seconds.[0m
[0mCompiling "resources/public/js/main.js" from ["src"]...
Compiling src/om_min_todo/core.cljs
Compiling target/figwheel_temp/dev/figwheel/connect.cljs
notifying browser that file changed:  out/om_min_todo/core.js
[32mSuccessfully compiled "resources/public/js/main.js" in 0.194 seconds.[0m
[0mCompiling "resources/public/js/main.js" from ["src"]...
Compiling src/om_min_todo/core.cljs
Compiling target/figwheel_temp/dev/figwheel/connect.cljs
notifying browser that file changed:  out/om_min_todo/core.js
[32mSuccessfully compiled "resources/public/js/main.js" in 0.191 seconds.[0m
[0mCompiling "resources/public/js/main.js" from ["src"]...
Compiling src/om_min_todo/core.cljs
Compiling target/figwheel_temp/dev/figwheel/connect.cljs
notifying browser that file changed:  out/om_min_todo/core.js
[32mSuccessfully compiled "resources/public/js/main.js" in 0.2 seconds.[0m
[0mCompiling "resources/public/js/main.js" from ["src"]...
Compiling src/om_min_todo/core.cljs
[31mCompiling "resources/public/js/main.js" failed.
[0mERROR: Map literal must contain an even number of forms on file /home/not-much-io/Projects/om-min-todo/src/om_min_todo/core.cljs, line 46, column 50
[32mSuccessfully compiled "resources/public/js/main.js" in 0.116 seconds.[0m
[0mCompiling "resources/public/js/main.js" from ["src"]...
Compiling src/om_min_todo/core.cljs
[31mCompiling "resources/public/js/main.js" failed.
[0mERROR: Map literal must contain an even number of forms on file /home/not-much-io/Projects/om-min-todo/src/om_min_todo/core.cljs, line 47, column 50
[32mSuccessfully compiled "resources/public/js/main.js" in 0.118 seconds.[0m
[0mCompiling "resources/public/js/main.js" from ["src"]...
Compiling src/om_min_todo/core.cljs
Compiling target/figwheel_temp/dev/figwheel/connect.cljs
notifying browser that file changed:  out/om_min_todo/core.js
[32mSuccessfully compiled "resources/public/js/main.js" in 0.195 seconds.[0m
[0mCompiling "resources/public/js/main.js" from ["src"]...
Compiling src/om_min_todo/core.cljs
Compiling target/figwheel_temp/dev/figwheel/connect.cljs
notifying browser that file changed:  out/om_min_todo/core.js
[32mSuccessfully compiled "resources/public/js/main.js" in 0.191 seconds.[0m
[0mCompiling "resources/public/js/main.js" from ["src"]...
Compiling src/om_min_todo/core.cljs
Compiling target/figwheel_temp/dev/figwheel/connect.cljs
notifying browser that file changed:  out/om_min_todo/core.js
[32mSuccessfully compiled "resources/public/js/main.js" in 0.195 seconds.[0m
[0mCompiling "resources/public/js/main.js" from ["src"]...
Compiling src/om_min_todo/core.cljs
Compiling target/figwheel_temp/dev/figwheel/connect.cljs
notifying browser that file changed:  out/om_min_todo/core.js
[32mSuccessfully compiled "resources/public/js/main.js" in 0.196 seconds.[0m
[0mCompiling "resources/public/js/main.js" from ["src"]...
Compiling src/om_min_todo/core.cljs
Compiling target/figwheel_temp/dev/figwheel/connect.cljs
notifying browser that file changed:  out/om_min_todo/core.js
[32mSuccessfully compiled "resources/public/js/main.js" in 0.198 seconds.[0m
[0mCompiling "resources/public/js/main.js" from ["src"]...
Compiling src/om_min_todo/core.cljs
Compiling target/figwheel_temp/dev/figwheel/connect.cljs
notifying browser that file changed:  out/om_min_todo/core.js
[32mSuccessfully compiled "resources/public/js/main.js" in 0.21 seconds.[0m
[0mCompiling "resources/public/js/main.js" from ["src"]...
Compiling src/om_min_todo/core.cljs
Compiling target/figwheel_temp/dev/figwheel/connect.cljs
notifying browser that file changed:  out/om_min_todo/core.js
[32mSuccessfully compiled "resources/public/js/main.js" in 0.204 seconds.[0m
[0mCompiling "resources/public/js/main.js" from ["src"]...
Compiling src/om_min_todo/core.cljs
Compiling target/figwheel_temp/dev/figwheel/connect.cljs
notifying browser that file changed:  out/om_min_todo/core.js
[32mSuccessfully compiled "resources/public/js/main.js" in 0.196 seconds.[0m
[0mCompiling "resources/public/js/main.js" from ["src"]...
Compiling src/om_min_todo/core.cljs
Compiling target/figwheel_temp/dev/figwheel/connect.cljs
notifying browser that file changed:  out/om_min_todo/core.js
[32mSuccessfully compiled "resources/public/js/main.js" in 0.196 seconds.[0m
[0mCompiling "resources/public/js/main.js" from ["src"]...
Compiling src/om_min_todo/core.cljs
Compiling target/figwheel_temp/dev/figwheel/connect.cljs
notifying browser that file changed:  out/om_min_todo/core.js
[32mSuccessfully compiled "resources/public/js/main.js" in 0.195 seconds.[0m
[0mCompiling "resources/public/js/main.js" from ["src"]...
Compiling src/om_min_todo/core.cljs
Compiling target/figwheel_temp/dev/figwheel/connect.cljs
notifying browser that file changed:  out/om_min_todo/core.js
[32mSuccessfully compiled "resources/public/js/main.js" in 0.192 seconds.[0m
[0mCompiling "resources/public/js/main.js" from ["src"]...
Compiling src/om_min_todo/core.cljs
Compiling target/figwheel_temp/dev/figwheel/connect.cljs
notifying browser that file changed:  out/om_min_todo/core.js
[32mSuccessfully compiled "resources/public/js/main.js" in 0.249 seconds.[0m
[0mCompiling "resources/public/js/main.js" from ["src"]...
Compiling src/om_min_todo/core.cljs
Compiling target/figwheel_temp/dev/figwheel/connect.cljs
notifying browser that file changed:  out/om_min_todo/core.js
[32mSuccessfully compiled "resources/public/js/main.js" in 0.193 seconds.[0m
[0mCompiling "resources/public/js/main.js" from ["src"]...
Compiling src/om_min_todo/core.cljs
[31mCompiling "resources/public/js/main.js" failed.
[0mERROR: EOF while reading, starting at line 43 and column 7 on file /home/not-much-io/Projects/om-min-todo/src/om_min_todo/core.cljs, line 78, column 39
[32mSuccessfully compiled "resources/public/js/main.js" in 0.109 seconds.[0m
[0mCompiling "resources/public/js/main.js" from ["src"]...
Compiling src/om_min_todo/core.cljs
[31mCompiling "resources/public/js/main.js" failed.
[0mERROR: EOF while reading, starting at line 33 and column 1 on file /home/not-much-io/Projects/om-min-todo/src/om_min_todo/core.cljs, line 78, column 39
[32mSuccessfully compiled "resources/public/js/main.js" in 0.112 seconds.[0m
[0mCompiling "resources/public/js/main.js" from ["src"]...
Compiling src/om_min_todo/core.cljs
Compiling target/figwheel_temp/dev/figwheel/connect.cljs
notifying browser that file changed:  out/om_min_todo/core.js
[32mSuccessfully compiled "resources/public/js/main.js" in 0.193 seconds.[0m
[0mCompiling "resources/public/js/main.js" from ["src"]...
Compiling src/om_min_todo/core.cljs
Compiling target/figwheel_temp/dev/figwheel/connect.cljs
notifying browser that file changed:  out/om_min_todo/core.js
[32mSuccessfully compiled "resources/public/js/main.js" in 0.193 seconds.[0m
[0mCompiling "resources/public/js/main.js" from ["src"]...
Compiling src/om_min_todo/core.cljs
Compiling target/figwheel_temp/dev/figwheel/connect.cljs
notifying browser that file changed:  out/om_min_todo/core.js
[32mSuccessfully compiled "resources/public/js/main.js" in 0.193 seconds.[0m
[0mCompiling "resources/public/js/main.js" from ["src"]...
Compiling src/om_min_todo/core.cljs
Compiling target/figwheel_temp/dev/figwheel/connect.cljs
notifying browser that file changed:  out/om_min_todo/core.js
[32mSuccessfully compiled "resources/public/js/main.js" in 0.193 seconds.[0m
[0mCompiling "resources/public/js/main.js" from ["src"]...
Compiling src/om_min_todo/core.cljs
Compiling target/figwheel_temp/dev/figwheel/connect.cljs
notifying browser that file changed:  out/om_min_todo/core.js
[32mSuccessfully compiled "resources/public/js/main.js" in 0.197 seconds.[0m
[0mCompiling "resources/public/js/main.js" from ["src"]...
Compiling src/om_min_todo/core.cljs
Compiling target/figwheel_temp/dev/figwheel/connect.cljs
notifying browser that file changed:  out/om_min_todo/core.js
[32mSuccessfully compiled "resources/public/js/main.js" in 0.205 seconds.[0m
[0mCompiling "resources/public/js/main.js" from ["src"]...
Compiling src/om_min_todo/core.cljs
Compiling target/figwheel_temp/dev/figwheel/connect.cljs
notifying browser that file changed:  out/om_min_todo/core.js
[32mSuccessfully compiled "resources/public/js/main.js" in 0.205 seconds.[0m
[0mCompiling "resources/public/js/main.js" from ["src"]...
Compiling src/om_min_todo/core.cljs
Compiling target/figwheel_temp/dev/figwheel/connect.cljs
notifying browser that file changed:  out/om_min_todo/core.js
[32mSuccessfully compiled "resources/public/js/main.js" in 0.204 seconds.[0m
[0mCompiling "resources/public/js/main.js" from ["src"]...
Compiling src/om_min_todo/core.cljs
Compiling target/figwheel_temp/dev/figwheel/connect.cljs
notifying browser that file changed:  out/om_min_todo/core.js
[32mSuccessfully compiled "resources/public/js/main.js" in 0.196 seconds.[0m
[0mCompiling "resources/public/js/main.js" from ["src"]...
Compiling src/om_min_todo/core.cljs
Compiling target/figwheel_temp/dev/figwheel/connect.cljs
notifying browser that file changed:  out/om_min_todo/core.js
[32mSuccessfully compiled "resources/public/js/main.js" in 0.196 seconds.[0m
[0mCompiling "resources/public/js/main.js" from ["src"]...
Compiling src/om_min_todo/core.cljs
Compiling target/figwheel_temp/dev/figwheel/connect.cljs
notifying browser that file changed:  out/om_min_todo/core.js
[32mSuccessfully compiled "resources/public/js/main.js" in 0.204 seconds.[0m
[0mCompiling "resources/public/js/main.js" from ["src"]...
Compiling src/om_min_todo/core.cljs
Compiling target/figwheel_temp/dev/figwheel/connect.cljs
notifying browser that file changed:  out/om_min_todo/core.js
[32mSuccessfully compiled "resources/public/js/main.js" in 0.195 seconds.[0m
[0mCompiling "resources/public/js/main.js" from ["src"]...
Compiling src/om_min_todo/core.cljs
Compiling target/figwheel_temp/dev/figwheel/connect.cljs
notifying browser that file changed:  out/om_min_todo/core.js
[32mSuccessfully compiled "resources/public/js/main.js" in 0.212 seconds.[0m
[0mCompiling "resources/public/js/main.js" from ["src"]...
Compiling src/om_min_todo/core.cljs
Compiling target/figwheel_temp/dev/figwheel/connect.cljs
notifying browser that file changed:  out/om_min_todo/core.js
[32mSuccessfully compiled "resources/public/js/main.js" in 0.194 seconds.[0m
[0mCompiling "resources/public/js/main.js" from ["src"]...
Compiling src/om_min_todo/core.cljs
Compiling target/figwheel_temp/dev/figwheel/connect.cljs
notifying browser that file changed:  out/om_min_todo/core.js
[32mSuccessfully compiled "resources/public/js/main.js" in 0.201 seconds.[0m
[0mCompiling "resources/public/js/main.js" from ["src"]...
Compiling src/om_min_todo/core.cljs
Compiling target/figwheel_temp/dev/figwheel/connect.cljs
notifying browser that file changed:  out/om_min_todo/core.js
[32mSuccessfully compiled "resources/public/js/main.js" in 0.198 seconds.[0m
[0mCompiling "resources/public/js/main.js" from ["src"]...
Compiling src/om_min_todo/core.cljs
Compiling target/figwheel_temp/dev/figwheel/connect.cljs
notifying browser that file changed:  out/om_min_todo/core.js
[32mSuccessfully compiled "resources/public/js/main.js" in 0.198 seconds.[0m
[0mCompiling "resources/public/js/main.js" from ["src"]...
Compiling src/om_min_todo/core.cljs
Compiling target/figwheel_temp/dev/figwheel/connect.cljs
notifying browser that file changed:  out/om_min_todo/core.js
[32mSuccessfully compiled "resources/public/js/main.js" in 0.201 seconds.[0m
[0mCompiling "resources/public/js/main.js" from ["src"]...
Compiling src/om_min_todo/core.cljs
Compiling target/figwheel_temp/dev/figwheel/connect.cljs
notifying browser that file changed:  out/om_min_todo/core.js
[32mSuccessfully compiled "resources/public/js/main.js" in 0.197 seconds.[0m
[0mCompiling "resources/public/js/main.js" from ["src"]...
Compiling src/om_min_todo/core.cljs
Compiling target/figwheel_temp/dev/figwheel/connect.cljs
notifying browser that file changed:  out/om_min_todo/core.js
[32mSuccessfully compiled "resources/public/js/main.js" in 0.199 seconds.[0m
[0mCompiling "resources/public/js/main.js" from ["src"]...
Compiling src/om_min_todo/core.cljs
Compiling target/figwheel_temp/dev/figwheel/connect.cljs
notifying browser that file changed:  out/om_min_todo/core.js
[32mSuccessfully compiled "resources/public/js/main.js" in 0.198 seconds.[0m
[0mCompiling "resources/public/js/main.js" from ["src"]...
Compiling src/om_min_todo/core.cljs
Compiling target/figwheel_temp/dev/figwheel/connect.cljs
notifying browser that file changed:  out/om_min_todo/core.js
[32mSuccessfully compiled "resources/public/js/main.js" in 0.208 seconds.[0m
[0mCompiling "resources/public/js/main.js" from ["src"]...
Compiling src/om_min_todo/core.cljs
Compiling target/figwheel_temp/dev/figwheel/connect.cljs
notifying browser that file changed:  out/om_min_todo/core.js
[32mSuccessfully compiled "resources/public/js/main.js" in 0.212 seconds.[0m
[0mCompiling "resources/public/js/main.js" from ["src"]...
Compiling src/om_min_todo/core.cljs
Compiling target/figwheel_temp/dev/figwheel/connect.cljs
notifying browser that file changed:  out/om_min_todo/core.js
[32mSuccessfully compiled "resources/public/js/main.js" in 0.205 seconds.[0m
[0mCompiling "resources/public/js/main.js" from ["src"]...
Compiling src/om_min_todo/core.cljs
Compiling target/figwheel_temp/dev/figwheel/connect.cljs
notifying browser that file changed:  out/om_min_todo/core.js
[32mSuccessfully compiled "resources/public/js/main.js" in 0.202 seconds.[0m
[0mCompiling "resources/public/js/main.js" from ["src"]...
Compiling src/om_min_todo/core.cljs
Compiling target/figwheel_temp/dev/figwheel/connect.cljs
notifying browser that file changed:  out/om_min_todo/core.js
[32mSuccessfully compiled "resources/public/js/main.js" in 0.197 seconds.[0m
[0mCompiling "resources/public/js/main.js" from ["src"]...
Compiling src/om_min_todo/core.cljs
Compiling target/figwheel_temp/dev/figwheel/connect.cljs
notifying browser that file changed:  out/om_min_todo/core.js
[32mSuccessfully compiled "resources/public/js/main.js" in 0.203 seconds.[0m
[0mCompiling "resources/public/js/main.js" from ["src"]...
Compiling src/om_min_todo/core.cljs
Compiling target/figwheel_temp/dev/figwheel/connect.cljs
notifying browser that file changed:  out/om_min_todo/core.js
[32mSuccessfully compiled "resources/public/js/main.js" in 0.199 seconds.[0m
[0mCompiling "resources/public/js/main.js" from ["src"]...
Compiling src/om_min_todo/core.cljs
Compiling target/figwheel_temp/dev/figwheel/connect.cljs
notifying browser that file changed:  out/om_min_todo/core.js
[32mSuccessfully compiled "resources/public/js/main.js" in 0.204 seconds.[0m
[0mCompiling "resources/public/js/main.js" from ["src"]...
Compiling src/om_min_todo/core.cljs
Compiling target/figwheel_temp/dev/figwheel/connect.cljs
notifying browser that file changed:  out/om_min_todo/core.js
[32mSuccessfully compiled "resources/public/js/main.js" in 0.198 seconds.[0m
[0mCompiling "resources/public/js/main.js" from ["src"]...
Compiling src/om_min_todo/core.cljs
Compiling target/figwheel_temp/dev/figwheel/connect.cljs
notifying browser that file changed:  out/om_min_todo/core.js
[32mSuccessfully compiled "resources/public/js/main.js" in 0.206 seconds.[0m
[0mCompiling "resources/public/js/main.js" from ["src"]...
Compiling src/om_min_todo/core.cljs
Compiling target/figwheel_temp/dev/figwheel/connect.cljs
notifying browser that file changed:  out/om_min_todo/core.js
[32mSuccessfully compiled "resources/public/js/main.js" in 0.199 seconds.[0m
[0mCompiling "resources/public/js/main.js" from ["src"]...
Compiling src/om_min_todo/core.cljs
[31mCompiling "resources/public/js/main.js" failed.
[0mANALYSIS ERROR: Unknown dot form of (. (gdom/getElement "error") "ToDo item with same name exists" nil) with classification [:cljs.analyzer/expr :cljs.analyzer/error ()] at line 49 src/om_min_todo/core.cljs on file src/om_min_todo/core.cljs, line 49, column 29
[32mSuccessfully compiled "resources/public/js/main.js" in 0.144 seconds.[0m
[0mCompiling "resources/public/js/main.js" from ["src"]...
Compiling src/om_min_todo/core.cljs
[31mCompiling "resources/public/js/main.js" failed.
[0mANALYSIS ERROR: Unknown dot form of (. (gdom/getElement "error") "ToDo item with same name exists" nil) with classification [:cljs.analyzer/expr :cljs.analyzer/error ()] at line 49 src/om_min_todo/core.cljs on file src/om_min_todo/core.cljs, line 49, column 29
[32mSuccessfully compiled "resources/public/js/main.js" in 0.138 seconds.[0m
[0mCompiling "resources/public/js/main.js" from ["src"]...
Compiling src/om_min_todo/core.cljs
[31mCompiling "resources/public/js/main.js" failed.
[0mANALYSIS ERROR: Unknown dot form of (. (gdom/getElement "error") -innerHTML ("ToDo item with same name exists")) with classification [:cljs.analyzer/expr :cljs.analyzer/property :cljs.analyzer/expr] at line 49 src/om_min_todo/core.cljs on file src/om_min_todo/core.cljs, line 49, column 29
[32mSuccessfully compiled "resources/public/js/main.js" in 0.142 seconds.[0m
[0mCompiling "resources/public/js/main.js" from ["src"]...
Compiling src/om_min_todo/core.cljs
Compiling target/figwheel_temp/dev/figwheel/connect.cljs
notifying browser that file changed:  out/om_min_todo/core.js
[32mSuccessfully compiled "resources/public/js/main.js" in 0.202 seconds.[0m
[0mCompiling "resources/public/js/main.js" from ["src"]...
Compiling src/om_min_todo/core.cljs
Compiling target/figwheel_temp/dev/figwheel/connect.cljs
notifying browser that file changed:  out/om_min_todo/core.js
[32mSuccessfully compiled "resources/public/js/main.js" in 0.217 seconds.[0m
[0mCompiling "resources/public/js/main.js" from ["src"]...
Compiling src/om_min_todo/core.cljs
Compiling target/figwheel_temp/dev/figwheel/connect.cljs
notifying browser that file changed:  out/om_min_todo/core.js
[32mSuccessfully compiled "resources/public/js/main.js" in 0.21 seconds.[0m
[0mCompiling "resources/public/js/main.js" from ["src"]...
Compiling src/om_min_todo/core.cljs
Compiling target/figwheel_temp/dev/figwheel/connect.cljs
notifying browser that file changed:  out/om_min_todo/core.js
[32mSuccessfully compiled "resources/public/js/main.js" in 0.206 seconds.[0m
[0mCompiling "resources/public/js/main.js" from ["src"]...
Compiling src/om_min_todo/core.cljs
[31mCompiling "resources/public/js/main.js" failed.
[0mERROR: Invalid token: : on file /home/not-much-io/Projects/om-min-todo/src/om_min_todo/core.cljs, line 56, column 33
[32mSuccessfully compiled "resources/public/js/main.js" in 0.119 seconds.[0m
[0mCompiling "resources/public/js/main.js" from ["src"]...
Compiling src/om_min_todo/core.cljs
Compiling target/figwheel_temp/dev/figwheel/connect.cljs
notifying browser that file changed:  out/om_min_todo/core.js
[32mSuccessfully compiled "resources/public/js/main.js" in 0.207 seconds.[0m
[0mCompiling "resources/public/js/main.js" from ["src"]...
Compiling src/om_min_todo/core.cljs
Compiling target/figwheel_temp/dev/figwheel/connect.cljs
notifying browser that file changed:  out/om_min_todo/core.js
[32mSuccessfully compiled "resources/public/js/main.js" in 0.207 seconds.[0m
[0mCompiling "resources/public/js/main.js" from ["src"]...
Compiling src/om_min_todo/core.cljs
Compiling target/figwheel_temp/dev/figwheel/connect.cljs
notifying browser that file changed:  out/om_min_todo/core.js
[32mSuccessfully compiled "resources/public/js/main.js" in 0.209 seconds.[0m
[0mCompiling "resources/public/js/main.js" from ["src"]...
Compiling src/om_min_todo/core.cljs
Compiling target/figwheel_temp/dev/figwheel/connect.cljs
notifying browser that file changed:  out/om_min_todo/core.js
[32mSuccessfully compiled "resources/public/js/main.js" in 0.209 seconds.[0m
[0mCompiling "resources/public/js/main.js" from ["src"]...
Compiling src/om_min_todo/core.cljs
Compiling target/figwheel_temp/dev/figwheel/connect.cljs
notifying browser that file changed:  out/om_min_todo/core.js
[32mSuccessfully compiled "resources/public/js/main.js" in 0.208 seconds.[0m
[0mCompiling "resources/public/js/main.js" from ["src"]...
Compiling src/om_min_todo/core.cljs
Compiling target/figwheel_temp/dev/figwheel/connect.cljs
notifying browser that file changed:  out/om_min_todo/core.js
[32mSuccessfully compiled "resources/public/js/main.js" in 0.209 seconds.[0m
[0mCompiling "resources/public/js/main.js" from ["src"]...
Compiling src/om_min_todo/core.cljs
Compiling target/figwheel_temp/dev/figwheel/connect.cljs
notifying browser that file changed:  out/om_min_todo/core.js
[32mSuccessfully compiled "resources/public/js/main.js" in 0.313 seconds.[0m
[0mCompiling "resources/public/js/main.js" from ["src"]...
Compiling src/om_min_todo/core.cljs
Compiling target/figwheel_temp/dev/figwheel/connect.cljs
notifying browser that file changed:  out/om_min_todo/core.js
[32mSuccessfully compiled "resources/public/js/main.js" in 0.202 seconds.[0m
[0mCompiling "resources/public/js/main.js" from ["src"]...
Compiling src/om_min_todo/core.cljs
Compiling target/figwheel_temp/dev/figwheel/connect.cljs
notifying browser that file changed:  out/om_min_todo/core.js
[32mSuccessfully compiled "resources/public/js/main.js" in 0.21 seconds.[0m
[0mCompiling "resources/public/js/main.js" from ["src"]...
Compiling src/om_min_todo/core.cljs
Compiling target/figwheel_temp/dev/figwheel/connect.cljs
notifying browser that file changed:  out/om_min_todo/core.js
[32mSuccessfully compiled "resources/public/js/main.js" in 0.202 seconds.[0m
[0mCompiling "resources/public/js/main.js" from ["src"]...
Compiling src/om_min_todo/core.cljs
Compiling target/figwheel_temp/dev/figwheel/connect.cljs
notifying browser that file changed:  out/om_min_todo/core.js
[32mSuccessfully compiled "resources/public/js/main.js" in 0.211 seconds.[0m
[0mCompiling "resources/public/js/main.js" from ["src"]...
Compiling src/om_min_todo/core.cljs
Compiling target/figwheel_temp/dev/figwheel/connect.cljs
notifying browser that file changed:  out/om_min_todo/core.js
[32mSuccessfully compiled "resources/public/js/main.js" in 0.2 seconds.[0m
[0mCompiling "resources/public/js/main.js" from ["src"]...
Compiling src/om_min_todo/core.cljs
Compiling target/figwheel_temp/dev/figwheel/connect.cljs
notifying browser that file changed:  out/om_min_todo/core.js
[32mSuccessfully compiled "resources/public/js/main.js" in 0.207 seconds.[0m
[0mCompiling "resources/public/js/main.js" from ["src"]...
Compiling src/om_min_todo/core.cljs
Compiling target/figwheel_temp/dev/figwheel/connect.cljs
notifying browser that file changed:  out/om_min_todo/core.js
[32mSuccessfully compiled "resources/public/js/main.js" in 0.202 seconds.[0m
[0mCompiling "resources/public/js/main.js" from ["src"]...
Compiling src/om_min_todo/core.cljs
Compiling target/figwheel_temp/dev/figwheel/connect.cljs
notifying browser that file changed:  out/om_min_todo/core.js
[32mSuccessfully compiled "resources/public/js/main.js" in 0.208 seconds.[0m
[0mCompiling "resources/public/js/main.js" from ["src"]...
Compiling src/om_min_todo/core.cljs
Compiling target/figwheel_temp/dev/figwheel/connect.cljs
notifying browser that file changed:  out/om_min_todo/core.js
[32mSuccessfully compiled "resources/public/js/main.js" in 0.201 seconds.[0m
[0mCompiling "resources/public/js/main.js" from ["src"]...
Compiling src/om_min_todo/core.cljs
Compiling target/figwheel_temp/dev/figwheel/connect.cljs
notifying browser that file changed:  out/om_min_todo/core.js
[32mSuccessfully compiled "resources/public/js/main.js" in 0.2 seconds.[0m
[0mCompiling "resources/public/js/main.js" from ["src"]...
Compiling src/om_min_todo/core.cljs
Compiling target/figwheel_temp/dev/figwheel/connect.cljs
notifying browser that file changed:  out/om_min_todo/core.js
[32mSuccessfully compiled "resources/public/js/main.js" in 0.203 seconds.[0m
[0mCompiling "resources/public/js/main.js" from ["src"]...
Compiling src/om_min_todo/core.cljs
Compiling target/figwheel_temp/dev/figwheel/connect.cljs
notifying browser that file changed:  out/om_min_todo/core.js
[32mSuccessfully compiled "resources/public/js/main.js" in 0.203 seconds.[0m
[0mCompiling "resources/public/js/main.js" from ["src"]...
Compiling src/om_min_todo/core.cljs
Compiling target/figwheel_temp/dev/figwheel/connect.cljs
notifying browser that file changed:  out/om_min_todo/core.js
[32mSuccessfully compiled "resources/public/js/main.js" in 0.212 seconds.[0m
[0mCompiling "resources/public/js/main.js" from ["src"]...
Compiling src/om_min_todo/core.cljs
Compiling target/figwheel_temp/dev/figwheel/connect.cljs
notifying browser that file changed:  out/om_min_todo/core.js
[32mSuccessfully compiled "resources/public/js/main.js" in 0.207 seconds.[0m
[0mCompiling "resources/public/js/main.js" from ["src"]...
Compiling src/om_min_todo/core.cljs
Compiling target/figwheel_temp/dev/figwheel/connect.cljs
notifying browser that file changed:  out/om_min_todo/core.js
[32mSuccessfully compiled "resources/public/js/main.js" in 0.202 seconds.[0m
[0mCompiling "resources/public/js/main.js" from ["src"]...
Compiling src/om_min_todo/core.cljs
Compiling target/figwheel_temp/dev/figwheel/connect.cljs
notifying browser that file changed:  out/om_min_todo/core.js
[32mSuccessfully compiled "resources/public/js/main.js" in 0.2 seconds.[0m
[0mCompiling "resources/public/js/main.js" from ["src"]...
Compiling src/om_min_todo/core.cljs
Compiling target/figwheel_temp/dev/figwheel/connect.cljs
notifying browser that file changed:  out/om_min_todo/core.js
[32mSuccessfully compiled "resources/public/js/main.js" in 0.199 seconds.[0m
[0mCompiling "resources/public/js/main.js" from ["src"]...
Compiling src/om_min_todo/core.cljs
Compiling target/figwheel_temp/dev/figwheel/connect.cljs
notifying browser that file changed:  out/om_min_todo/core.js
[32mSuccessfully compiled "resources/public/js/main.js" in 0.199 seconds.[0m
[0mCompiling "resources/public/js/main.js" from ["src"]...
Compiling src/om_min_todo/core.cljs
Compiling target/figwheel_temp/dev/figwheel/connect.cljs
notifying browser that file changed:  out/om_min_todo/core.js
[32mSuccessfully compiled "resources/public/js/main.js" in 0.201 seconds.[0m
[0mCompiling "resources/public/js/main.js" from ["src"]...
Compiling src/om_min_todo/core.cljs
Compiling target/figwheel_temp/dev/figwheel/connect.cljs
notifying browser that file changed:  out/om_min_todo/core.js
[32mSuccessfully compiled "resources/public/js/main.js" in 0.204 seconds.[0m
[0mCompiling "resources/public/js/main.js" from ["src"]...
Compiling src/om_min_todo/core.cljs
Compiling target/figwheel_temp/dev/figwheel/connect.cljs
notifying browser that file changed:  out/om_min_todo/core.js
[32mSuccessfully compiled "resources/public/js/main.js" in 0.201 seconds.[0m
[0mCompiling "resources/public/js/main.js" from ["src"]...
Compiling src/om_min_todo/core.cljs
Compiling target/figwheel_temp/dev/figwheel/connect.cljs
notifying browser that file changed:  out/om_min_todo/core.js
[32mSuccessfully compiled "resources/public/js/main.js" in 0.204 seconds.[0m
[0mCompiling "resources/public/js/main.js" from ["src"]...
Compiling src/om_min_todo/core.cljs
Compiling target/figwheel_temp/dev/figwheel/connect.cljs
notifying browser that file changed:  out/om_min_todo/core.js
[32mSuccessfully compiled "resources/public/js/main.js" in 0.207 seconds.[0m
[0mCompiling "resources/public/js/main.js" from ["src"]...
Compiling src/om_min_todo/core.cljs
Compiling target/figwheel_temp/dev/figwheel/connect.cljs
notifying browser that file changed:  out/om_min_todo/core.js
[32mSuccessfully compiled "resources/public/js/main.js" in 0.205 seconds.[0m
[0mCompiling "resources/public/js/main.js" from ["src"]...
Compiling src/om_min_todo/core.cljs
Compiling target/figwheel_temp/dev/figwheel/connect.cljs
notifying browser that file changed:  out/om_min_todo/core.js
[32mSuccessfully compiled "resources/public/js/main.js" in 0.203 seconds.[0m
[0mCompiling "resources/public/js/main.js" from ["src"]...
Compiling src/om_min_todo/core.cljs
Compiling target/figwheel_temp/dev/figwheel/connect.cljs
notifying browser that file changed:  out/om_min_todo/core.js
[32mSuccessfully compiled "resources/public/js/main.js" in 0.205 seconds.[0m
[0mCompiling "resources/public/js/main.js" from ["src"]...
Compiling src/om_min_todo/core.cljs
Compiling target/figwheel_temp/dev/figwheel/connect.cljs
notifying browser that file changed:  out/om_min_todo/core.js
[32mSuccessfully compiled "resources/public/js/main.js" in 0.204 seconds.[0m
[0mCompiling "resources/public/js/main.js" from ["src"]...
Compiling src/om_min_todo/core.cljs
Compiling target/figwheel_temp/dev/figwheel/connect.cljs
notifying browser that file changed:  out/om_min_todo/core.js
[32mSuccessfully compiled "resources/public/js/main.js" in 0.217 seconds.[0m
[0mCompiling "resources/public/js/main.js" from ["src"]...
Compiling src/om_min_todo/core.cljs
Compiling target/figwheel_temp/dev/figwheel/connect.cljs
notifying browser that file changed:  out/om_min_todo/core.js
[32mSuccessfully compiled "resources/public/js/main.js" in 0.211 seconds.[0m
[0mCompiling "resources/public/js/main.js" from ["src"]...
Compiling src/om_min_todo/core.cljs
Compiling target/figwheel_temp/dev/figwheel/connect.cljs
notifying browser that file changed:  out/om_min_todo/core.js
[32mSuccessfully compiled "resources/public/js/main.js" in 0.204 seconds.[0m
[0mCompiling "resources/public/js/main.js" from ["src"]...
Compiling src/om_min_todo/core.cljs
Compiling target/figwheel_temp/dev/figwheel/connect.cljs
notifying browser that file changed:  out/om_min_todo/core.js
[32mSuccessfully compiled "resources/public/js/main.js" in 0.211 seconds.[0m
[0mCompiling "resources/public/js/main.js" from ["src"]...
Compiling src/om_min_todo/core.cljs
Compiling target/figwheel_temp/dev/figwheel/connect.cljs
notifying browser that file changed:  out/om_min_todo/core.js
[32mSuccessfully compiled "resources/public/js/main.js" in 0.209 seconds.[0m
[0mCompiling "resources/public/js/main.js" from ["src"]...
Compiling src/om_min_todo/core.cljs
Compiling target/figwheel_temp/dev/figwheel/connect.cljs
notifying browser that file changed:  out/om_min_todo/core.js
[32mSuccessfully compiled "resources/public/js/main.js" in 0.214 seconds.[0m
[0mCompiling "resources/public/js/main.js" from ["src"]...
Compiling src/om_min_todo/core.cljs
Compiling target/figwheel_temp/dev/figwheel/connect.cljs
notifying browser that file changed:  out/om_min_todo/core.js
[32mSuccessfully compiled "resources/public/js/main.js" in 0.215 seconds.[0m
